Base path: C:/Program Files (x86)/Unity/Editor/Data
Pipe name: \\.\pipe\UnityShaderCompiler-3-5200
Cmd: getPlatforms
Cmd: compileSnippet
  api=8 type=0 insize=1008 outsize=1438 kw= ok=1
Cmd: compileSnippet
  api=1 type=0 insize=1007 outsize=132 kw= ok=1
Cmd: compileSnippet
  api=1 type=0 insize=3251 outsize=335 kw= ok=1
Cmd: compileSnippet
  api=1 type=1 insize=3251 outsize=120 kw= ok=1
Cmd: compileSnippet
  api=1 type=0 insize=3259 outsize=335 kw= ok=1
Cmd: compileSnippet
  api=0 type=1 insize=3259 outsize=213 kw= ok=1
Cmd: compileSnippet
  api=1 type=0 insize=3259 outsize=335 kw= ok=1
Cmd: compileSnippet
  api=1 type=1 insize=3259 outsize=208 kw= ok=1
Cmd: compileSnippet
  api=8 type=0 insize=3256 outsize=2023 kw= ok=1
Cmd: compileSnippet
  api=8 type=1 insize=3256 outsize=1325 kw= ok=1
Cmd: compileSnippet
  api=8 type=0 insize=3268 outsize=2462 kw= ok=1
Cmd: compileSnippet
  api=1 type=1 insize=3261 outsize=125 kw= ok=1
Cmd: compileSnippet
  api=1 type=0 insize=3254 outsize=335 kw= ok=1
Cmd: compileSnippet
  api=0 type=1 insize=3254 outsize=127 kw= ok=1
Cmd: compileSnippet
  api=0 type=0 insize=3258 outsize=375 kw= ok=1
Cmd: compileSnippet
  api=1 type=1 insize=3258 outsize=79 kw= ok=1
Cmd: compileSnippet
  api=1 type=1 insize=3253 outsize=59 kw= ok=1
Cmd: compileSnippet
  api=8 type=0 insize=4698 outsize=1438 kw= ok=1
Cmd: compileSnippet
  api=0 type=1 insize=4698 outsize=296 kw= ok=1
Cmd: compileSnippet
  api=1 type=0 insize=4703 outsize=364 kw= ok=1
Cmd: compileSnippet
  api=1 type=1 insize=4713 outsize=588 kw= ok=1
Cmd: compileSnippet
  api=1 type=1 insize=4708 outsize=464 kw= ok=1
Cmd: compileSnippet
  api=8 type=0 insize=4714 outsize=2495 kw= ok=1
Unhandled exception: Readfile from pipe failed. GLE=The pipe has been ended.


Quitting shader compiler process
