Base path: C:/Program Files (x86)/Unity/Editor/Data
Pipe name: \\.\pipe\UnityShaderCompiler-4-6580
Cmd: getPlatforms
Cmd: compileSnippet
  api=8 type=1 insize=1008 outsize=1219 kw= ok=1
Cmd: compileSnippet
  api=8 type=0 insize=1007 outsize=1438 kw= ok=1
Cmd: compileSnippet
  api=8 type=1 insize=1007 outsize=1219 kw= ok=1
Cmd: compileSnippet
  api=8 type=0 insize=1171 outsize=2454 kw= ok=1
Cmd: compileSnippet
  api=1 type=1 insize=1171 outsize=254 kw= ok=1
Cmd: compileSnippet
  api=1 type=0 insize=3253 outsize=335 kw= ok=1
Cmd: compileSnippet
  api=1 type=1 insize=3253 outsize=208 kw= ok=1
Cmd: compileSnippet
  api=8 type=0 insize=3251 outsize=2023 kw= ok=1
Cmd: compileSnippet
  api=8 type=0 insize=3267 outsize=2462 kw= ok=1
Cmd: compileSnippet
  api=1 type=1 insize=3267 outsize=239 kw= ok=1
Cmd: compileSnippet
  api=8 type=0 insize=3259 outsize=2023 kw= ok=1
Cmd: compileSnippet
  api=8 type=1 insize=3259 outsize=1187 kw= ok=1
Cmd: compileSnippet
  api=8 type=0 insize=3259 outsize=2023 kw= ok=1
Cmd: compileSnippet
  api=8 type=1 insize=3259 outsize=1698 kw= ok=1
Cmd: compileSnippet
  api=1 type=0 insize=3268 outsize=344 kw= ok=1
Cmd: compileSnippet
  api=8 type=1 insize=3268 outsize=1942 kw= ok=1
Cmd: compileSnippet
  api=8 type=0 insize=3261 outsize=2023 kw= ok=1
Cmd: compileSnippet
  api=8 type=1 insize=3261 outsize=1105 kw= ok=1
Cmd: compileSnippet
  api=8 type=0 insize=3254 outsize=2023 kw= ok=1
Cmd: compileSnippet
  api=8 type=1 insize=3254 outsize=780 kw= ok=1
Cmd: compileSnippet
  api=8 type=0 insize=3258 outsize=2023 kw= ok=1
Cmd: compileSnippet
  api=8 type=1 insize=3258 outsize=1057 kw= ok=1
Cmd: compileSnippet
  api=8 type=0 insize=3253 outsize=2023 kw= ok=1
Cmd: compileSnippet
  api=1 type=0 insize=4698 outsize=132 kw= ok=1
Cmd: compileSnippet
  api=8 type=1 insize=4698 outsize=1219 kw= ok=1
Cmd: compileSnippet
  api=8 type=0 insize=4703 outsize=3015 kw= ok=1
Cmd: compileSnippet
  api=8 type=1 insize=4703 outsize=2608 kw= ok=1
Cmd: compileSnippet
  api=1 type=0 insize=4713 outsize=363 kw= ok=1
Cmd: compileSnippet
  api=8 type=0 insize=4708 outsize=2990 kw= ok=1
Cmd: compileSnippet
  api=1 type=0 insize=4714 outsize=452 kw= ok=1
Cmd: compileSnippet
  api=8 type=1 insize=4714 outsize=3600 kw= ok=1
Unhandled exception: Readfile from pipe failed. GLE=The pipe has been ended.


Quitting shader compiler process
